  debug.cpp
C:\Users\Администратор\Documents\GitHub\nomake-build\src\Api\debug.h(20,39): error C2061: синтаксическая ошибка: идентификатор "CChArr"
C:\Users\Администратор\Documents\GitHub\nomake-build\src\Api\debug.cpp(16,9): error C4996: 'sprintf': This function or variable may be unsafe. Consider using sprintf_s instead. To disable deprecation, use _CRT_SECURE_NO_WARNINGS. See online help for details.
C:\Users\Администратор\Documents\GitHub\nomake-build\src\Api\debug.cpp(21,9): error C4996: 'sprintf': This function or variable may be unsafe. Consider using sprintf_s instead. To disable deprecation, use _CRT_SECURE_NO_WARNINGS. See online help for details.
C:\Users\Администратор\Documents\GitHub\nomake-build\src\Api\debug.cpp(26,9): error C4996: 'sprintf': This function or variable may be unsafe. Consider using sprintf_s instead. To disable deprecation, use _CRT_SECURE_NO_WARNINGS. See online help for details.
  main.cpp
C:\Users\Администратор\Documents\GitHub\nomake-build\src\main.cpp(10,2): error C2653: NomakeApi: не является именем класса или пространства имен
C:\Users\Администратор\Documents\GitHub\nomake-build\src\main.cpp(10,32): error C2653: NomakeApi: не является именем класса или пространства имен
  NApp.cpp
C:\Users\Администратор\Documents\GitHub\nomake-build\src\Api\debug.h(20,39): error C2061: синтаксическая ошибка: идентификатор "CChArr"
C:\Users\Администратор\Documents\GitHub\nomake-build\src\NApp.cpp(11,80): error C2660: debug: функция не принимает 4 аргументов
C:\Users\Администратор\Documents\GitHub\nomake-build\src\Api\debug.h(20,6): message : см. объявление "debug"
C:\Users\Администратор\Documents\GitHub\nomake-build\src\NApp.cpp(35,40): error C2664: "int fclose(FILE *)": невозможно преобразовать аргумент 1 из "std::string" в "FILE *"
C:\Users\Администратор\Documents\GitHub\nomake-build\src\NApp.cpp(35,21): message : Для выполнения данного преобразования нет доступного оператора преобразования, определенного пользователем, или вызов оператора невозможен
C:\Program Files (x86)\Windows Kits\10\Include\10.0.18362.0\ucrt\stdio.h(147,26): message : см. объявление "fclose"
  color.cpp
  no_color.cpp
  unix.cpp
C:\Users\Администратор\Documents\GitHub\nomake-build\src\Sys\unix.cpp(4,10): fatal error C1083: Не удается открыть файл включение: unistd.h: No such file or directory,
  win32.cpp
  lexer.cpp
C:\Users\Администратор\Documents\GitHub\nomake-build\src\Tools\lexer.cpp(35,21): error C2065: len: необъявленный идентификатор
C:\Users\Администратор\Documents\GitHub\nomake-build\src\Tools\lexer.cpp(40,24): error C2065: len: необъявленный идентификатор
C:\Users\Администратор\Documents\GitHub\nomake-build\src\Tools\lexer.cpp(25,18): error C4996: 'tmpfile': This function or variable may be unsafe. Consider using tmpfile_s instead. To disable deprecation, use _CRT_SECURE_NO_WARNINGS. See online help for details.
  comments.cpp
  fdescriptor.cpp
C:\Users\Администратор\Documents\GitHub\nomake-build\src\Tools\Preprocessor\fdescriptor.cpp(4,36): error C2556: void preprocessor(std::string): перегруженная функция отличается от "std::string preprocessor(std::string)" только возвращаемым типом
C:\Users\Администратор\Documents\GitHub\nomake-build\src\Tools\Preprocessor\fdescriptor.h(10): message : см. объявление "preprocessor"
C:\Users\Администратор\Documents\GitHub\nomake-build\src\Tools\Preprocessor\fdescriptor.cpp(4,6): error C2371: preprocessor: переопределение; различные базовые типы
C:\Users\Администратор\Documents\GitHub\nomake-build\src\Tools\Preprocessor\fdescriptor.h(10): message : см. объявление "preprocessor"
C:\Users\Администратор\Documents\GitHub\nomake-build\src\Tools\Preprocessor\fdescriptor.cpp(6,31): error C2143: синтаксическая ошибка: отсутствие ";" перед ")"
C:\Users\Администратор\Documents\GitHub\nomake-build\src\Tools\Preprocessor\fdescriptor.cpp(6,33): error C2143: синтаксическая ошибка: отсутствие ";" перед "{"
C:\Users\Администратор\Documents\GitHub\nomake-build\src\Tools\Preprocessor\fdescriptor.cpp(6,33): error C2143: синтаксическая ошибка: отсутствие ")" перед "{"
C:\Users\Администратор\Documents\GitHub\nomake-build\src\Tools\Preprocessor\fdescriptor.cpp(7,9): error C2065: buffer: необъявленный идентификатор
C:\Users\Администратор\Documents\GitHub\nomake-build\src\Tools\Preprocessor\fdescriptor.cpp(7,21): error C2065: buffer: необъявленный идентификатор
C:\Users\Администратор\Documents\GitHub\nomake-build\src\Tools\Preprocessor\fdescriptor.cpp(8,9): error C2065: buffer: необъявленный идентификатор
C:\Users\Администратор\Documents\GitHub\nomake-build\src\Tools\Preprocessor\fdescriptor.cpp(8,27): error C2065: in: необъявленный идентификатор
C:\Users\Администратор\Documents\GitHub\nomake-build\src\Tools\Preprocessor\fdescriptor.cpp(9,24): error C2065: buffer: необъявленный идентификатор
C:\Users\Администратор\Documents\GitHub\nomake-build\src\Tools\Preprocessor\fdescriptor.cpp(9,42): error C2065: out: необъявленный идентификатор
C:\Users\Администратор\Documents\GitHub\nomake-build\src\Tools\Preprocessor\fdescriptor.cpp(11,12): error C2065: in: необъявленный идентификатор
C:\Users\Администратор\Documents\GitHub\nomake-build\src\Tools\Preprocessor\fdescriptor.cpp(12,12): error C2065: out: необъявленный идентификатор
